<?xml version="1.0" encoding="UTF-8"?>
<!-- Generated by org.testng.reporters.JUnitReportReporter -->
<testsuite skipped="0" hostname="HAP-131" name="com.bayerapi.testcases.TC01_GetAreaCrops" tests="4" failures="0" timestamp="2020-04-06T15:58:43 IST" time="4.218" errors="0">
  <testcase name="checkUnsupportedPincodeApple" time="3.932" classname="com.bayerapi.testcases.TC01_GetAreaCrops"/>
  <system-out/>
  <testcase name="getAreaCropGrape" time="0.095" classname="com.bayerapi.testcases.TC01_GetAreaCrops"/>
  <system-out/>
  <testcase name="getAreaCropApple" time="0.093" classname="com.bayerapi.testcases.TC01_GetAreaCrops"/>
  <system-out/>
  <testcase name="getAreaCropTomato" time="0.098" classname="com.bayerapi.testcases.TC01_GetAreaCrops"/>
  <system-out/>
</testsuite> <!-- com.bayerapi.testcases.TC01_GetAreaCrops -->
