<?xml version="1.0" encoding="UTF-8"?>
<!-- Generated by org.testng.reporters.JUnitReportReporter -->
<testsuite skipped="0" hostname="HAP-131" name="com.bayerapi.testcases.TC03_GetDiseaseDetailsApple" tests="4" failures="0" timestamp="2020-04-06T15:58:43 IST" time="0.168" errors="0">
  <testcase name="checkDiseaseDescriptionApple" time="0.038" classname="com.bayerapi.testcases.TC03_GetDiseaseDetailsApple"/>
  <system-out/>
  <testcase name="checkDiseaseIDsApple" time="0.052" classname="com.bayerapi.testcases.TC03_GetDiseaseDetailsApple"/>
  <system-out/>
  <testcase name="checkImageListApple" time="0.040" classname="com.bayerapi.testcases.TC03_GetDiseaseDetailsApple"/>
  <system-out/>
  <testcase name="checkDiseaseNamesApple" time="0.038" classname="com.bayerapi.testcases.TC03_GetDiseaseDetailsApple"/>
  <system-out/>
</testsuite> <!-- com.bayerapi.testcases.TC03_GetDiseaseDetailsApple -->
