<?xml version="1.0" encoding="UTF-8"?>
<!-- Generated by org.testng.reporters.JUnitReportReporter -->
<testsuite skipped="0" hostname="HAP-131" name="com.bayerapi.testcases.TC02_GetDiseaseDetailsGrape" tests="4" failures="0" timestamp="2020-04-06T15:58:43 IST" time="0.179" errors="0">
  <testcase name="checkImageListGrape" time="0.042" classname="com.bayerapi.testcases.TC02_GetDiseaseDetailsGrape"/>
  <system-out/>
  <testcase name="checkDiseaseNamesGrape" time="0.047" classname="com.bayerapi.testcases.TC02_GetDiseaseDetailsGrape"/>
  <system-out/>
  <testcase name="checkDiseaseIDsGrape" time="0.048" classname="com.bayerapi.testcases.TC02_GetDiseaseDetailsGrape"/>
  <system-out/>
  <testcase name="checkDiseaseDescriptionGrape" time="0.042" classname="com.bayerapi.testcases.TC02_GetDiseaseDetailsGrape"/>
  <system-out/>
</testsuite> <!-- com.bayerapi.testcases.TC02_GetDiseaseDetailsGrape -->
