<?xml version="1.0" encoding="UTF-8"?>
<!-- Generated by org.testng.reporters.JUnitReportReporter -->
<testsuite skipped="0" hostname="HAP-131" name="com.bayerapi.testcases.TC03_GetDiseaseDetailsApple" tests="4" failures="0" timestamp="2020-05-29T12:57:43 IST" time="0.235" errors="0">
  <testcase name="checkDiseaseDescriptionApple" time="0.087" classname="com.bayerapi.testcases.TC03_GetDiseaseDetailsApple"/>
  <system-out/>
  <testcase name="checkDiseaseIDsApple" time="0.075" classname="com.bayerapi.testcases.TC03_GetDiseaseDetailsApple"/>
  <system-out/>
  <testcase name="checkImageListApple" time="0.025" classname="com.bayerapi.testcases.TC03_GetDiseaseDetailsApple"/>
  <system-out/>
  <testcase name="checkDiseaseNamesApple" time="0.048" classname="com.bayerapi.testcases.TC03_GetDiseaseDetailsApple"/>
  <system-out/>
</testsuite> <!-- com.bayerapi.testcases.TC03_GetDiseaseDetailsApple -->
