<?xml version="1.0" encoding="UTF-8"?>
<!-- Generated by org.testng.reporters.JUnitReportReporter -->
<testsuite skipped="0" hostname="HAP-131" name="com.bayerapi.testcases.TC04_GetDiseaseDetailsTomato" tests="4" failures="0" timestamp="2020-05-29T12:57:43 IST" time="0.109" errors="0">
  <testcase name="checkDiseaseIDsTomato" time="0.028" classname="com.bayerapi.testcases.TC04_GetDiseaseDetailsTomato"/>
  <system-out/>
  <testcase name="checkDiseaseDescriptionTomato" time="0.024" classname="com.bayerapi.testcases.TC04_GetDiseaseDetailsTomato"/>
  <system-out/>
  <testcase name="checkImageListTomato" time="0.026" classname="com.bayerapi.testcases.TC04_GetDiseaseDetailsTomato"/>
  <system-out/>
  <testcase name="checkDiseaseNamesTomato" time="0.031" classname="com.bayerapi.testcases.TC04_GetDiseaseDetailsTomato"/>
  <system-out/>
</testsuite> <!-- com.bayerapi.testcases.TC04_GetDiseaseDetailsTomato -->
