<?xml version="1.0" encoding="UTF-8"?>
<!-- Generated by org.testng.reporters.JUnitReportReporter -->
<testsuite skipped="0" hostname="HAP-131" name="com.bayerapi.testcases.TC02_GetDiseaseDetailsGrape" tests="4" failures="0" timestamp="2020-05-29T12:57:43 IST" time="0.137" errors="0">
  <testcase name="checkImageListGrape" time="0.032" classname="com.bayerapi.testcases.TC02_GetDiseaseDetailsGrape"/>
  <system-out/>
  <testcase name="checkDiseaseNamesGrape" time="0.032" classname="com.bayerapi.testcases.TC02_GetDiseaseDetailsGrape"/>
  <system-out/>
  <testcase name="checkDiseaseIDsGrape" time="0.036" classname="com.bayerapi.testcases.TC02_GetDiseaseDetailsGrape"/>
  <system-out/>
  <testcase name="checkDiseaseDescriptionGrape" time="0.037" classname="com.bayerapi.testcases.TC02_GetDiseaseDetailsGrape"/>
  <system-out/>
</testsuite> <!-- com.bayerapi.testcases.TC02_GetDiseaseDetailsGrape -->
