<?xml version="1.0" encoding="UTF-8"?>
<!-- Generated by org.testng.reporters.JUnitReportReporter -->
<testsuite skipped="0" hostname="HAP-131" name="com.bayerapi.testcases.TC01_GetAreaCrops" tests="4" failures="0" timestamp="2020-06-03T13:48:31 IST" time="2.102" errors="0">
  <testcase name="getAreaCropTomato" time="0.076" classname="com.bayerapi.testcases.TC01_GetAreaCrops"/>
  <system-out/>
  <testcase name="checkUnsupportedPincodeApple" time="1.895" classname="com.bayerapi.testcases.TC01_GetAreaCrops"/>
  <system-out/>
  <testcase name="getAreaCropApple" time="0.061" classname="com.bayerapi.testcases.TC01_GetAreaCrops"/>
  <system-out/>
  <testcase name="getAreaCropGrape" time="0.070" classname="com.bayerapi.testcases.TC01_GetAreaCrops"/>
  <system-out/>
</testsuite> <!-- com.bayerapi.testcases.TC01_GetAreaCrops -->
